2015-04-02 15:28:48.876 baldaionic[34488:5089642] DiskCookieStorage changing policy from 2 to 0, cookie file: file:///Users/koltsov/Library/Developer/CoreSimulator/Devices/515D27B9-78E7-4E14-AE73-82BD3F56F660/data/Containers/Data/Application/AF0C22AE-FEDF-42A0-BC94-E18063ACDE08/Library/Cookies/Cookies.binarycookies
2015-04-02 15:28:52.744 baldaionic[34488:5089642] Apache Cordova native platform version 3.8.0 is starting.
2015-04-02 15:28:52.744 baldaionic[34488:5089642] Multi-tasking -> Device: YES, App: YES
2015-04-02 15:28:52.925 baldaionic[34488:5089642] Unlimited access to network resources
2015-04-02 15:28:55.070 baldaionic[34488:5089642] [CDVTimer][keyboard] 0.057995ms
2015-04-02 15:28:55.070 baldaionic[34488:5089642] [CDVTimer][TotalPluginStartup] 0.216007ms
2015-04-02 15:28:57.408 baldaionic[34488:5089642] Resetting plugins due to page load.
2015-04-02 15:28:58.505 baldaionic[34488:5089642] Finished load of: file:///Users/koltsov/Library/Developer/CoreSimulator/Devices/515D27B9-78E7-4E14-AE73-82BD3F56F660/data/Containers/Bundle/Application/89C79981-49A3-4746-8D1A-3D9F1BEDC5AB/baldaionic.app/www/index.html#/auth
2015-04-06 19:21:26.384 Balda[1232:55744] DiskCookieStorage changing policy from 2 to 0, cookie file: file:///Users/tirinox1/Library/Developer/CoreSimulator/Devices/7E8575DD-EC47-4BA9-A062-E840E9602A65/data/Containers/Data/Application/53462F7F-6F3E-4A9B-AF52-ED46619129D7/Library/Cookies/Cookies.binarycookies
2015-04-06 19:21:26.564 Balda[1232:55744] Apache Cordova native platform version 3.8.0 is starting.
2015-04-06 19:21:26.564 Balda[1232:55744] Multi-tasking -> Device: YES, App: YES
2015-04-06 19:21:26.574 Balda[1232:55744] Unlimited access to network resources
2015-04-06 19:21:26.826 Balda[1232:55744] [CDVTimer][keyboard] 0.053048ms
2015-04-06 19:21:26.826 Balda[1232:55744] [CDVTimer][TotalPluginStartup] 0.181973ms
2015-04-06 19:21:27.129 Balda[1232:55744] Resetting plugins due to page load.
2015-04-06 19:21:27.313 Balda[1232:55744] Finished load of: file:///Users/tirinox1/Library/Developer/CoreSimulator/Devices/7E8575DD-EC47-4BA9-A062-E840E9602A65/data/Containers/Bundle/Application/AF700F15-A562-48B2-AE9E-88256526DBB5/Balda.app/www/index.html#/auth
2015-04-06 19:30:39.756 Balda[1629:60979] DiskCookieStorage changing policy from 2 to 0, cookie file: file:///Users/tirinox1/Library/Developer/CoreSimulator/Devices/7E8575DD-EC47-4BA9-A062-E840E9602A65/data/Containers/Data/Application/9D61FD4C-FC90-4A05-BF04-623ED7852346/Library/Cookies/Cookies.binarycookies
2015-04-06 19:30:39.808 Balda[1629:60979] Apache Cordova native platform version 3.8.0 is starting.
2015-04-06 19:30:39.808 Balda[1629:60979] Multi-tasking -> Device: YES, App: YES
2015-04-06 19:30:39.810 Balda[1629:60979] Unlimited access to network resources
2015-04-06 19:30:39.865 Balda[1629:60979] [CDVTimer][keyboard] 0.045955ms
2015-04-06 19:30:39.865 Balda[1629:60979] [CDVTimer][TotalPluginStartup] 0.162005ms
2015-04-06 19:30:39.925 Balda[1629:60979] Resetting plugins due to page load.
2015-04-06 19:30:40.044 Balda[1629:60979] Finished load of: file:///Users/tirinox1/Library/Developer/CoreSimulator/Devices/7E8575DD-EC47-4BA9-A062-E840E9602A65/data/Containers/Bundle/Application/E2DDA105-00F5-49F2-A286-42639FA9E782/Balda.app/www/index.html#/auth
2015-04-06 19:30:44.249 Balda[1629:60979] move 0 2
2015-04-06 19:30:44.297 Balda[1629:60979] move 1 2
2015-04-06 19:30:44.349 Balda[1629:60979] move 2 2
2015-04-06 19:30:44.452 Balda[1629:60979] move 3 2
2015-04-06 19:30:44.660 Balda[1629:60979] move 3 1
2015-04-06 19:30:44.880 Balda[1629:60979] stop!
